<?xml version="1.0" encoding="UTF-8"?>
<testng-results ignored="0" total="0" passed="0" failed="0" skipped="0">
  <reporter-output>
  </reporter-output>
  <suite started-at="2025-08-31T19:34:43 WIB" name="Android UI Test Suite" finished-at="2025-08-31T19:34:49 WIB" duration-ms="5796">
    <groups>
      <group name="cucumber">
        <method signature="AbstractTestNGCucumberTests.runScenario(io.cucumber.testng.PickleWrapper,io.cucumber.testng.FeatureWrapper)[pri:0, instance:runners.AndroidUITestRunner@5b218417]" name="runScenario" class="io.cucumber.testng.AbstractTestNGCucumberTests"/>
      </group> <!-- cucumber -->
    </groups>
    <test started-at="2025-08-31T19:34:43 WIB" name="Android UI Tests" finished-at="2025-08-31T19:34:49 WIB" duration-ms="5796">
      <class name="runners.AndroidUITestRunner">
        <test-method is-config="true" signature="setUpClass(org.testng.ITestContext)[pri:0, instance:runners.AndroidUITestRunner@5b218417]" started-at="2025-08-31T19:34:44 WIB" name="setUpClass" finished-at="2025-08-31T19:34:44 WIB" duration-ms="272" status="PASS">
          <params>
            <param index="0">
              <value>
                <![CDATA[org.testng.TestRunner@6ca18a14]]>
              </value>
            </param>
          </params>
          <reporter-output>
          </reporter-output>
        </test-method> <!-- setUpClass -->
        <test-method is-config="true" signature="setUp()[pri:0, instance:runners.AndroidUITestRunner@5b218417]" started-at="2025-08-31T19:34:44 WIB" name="setUp" finished-at="2025-08-31T19:34:49 WIB" duration-ms="5287" status="PASS">
          <reporter-output>
          </reporter-output>
        </test-method> <!-- setUp -->
        <test-method is-config="true" signature="tearDown()[pri:0, instance:runners.AndroidUITestRunner@5b218417]" started-at="2025-08-31T19:34:49 WIB" name="tearDown" finished-at="2025-08-31T19:34:49 WIB" duration-ms="182" status="PASS">
          <reporter-output>
          </reporter-output>
        </test-method> <!-- tearDown -->
        <test-method is-config="true" signature="tearDownClass()[pri:0, instance:runners.AndroidUITestRunner@5b218417]" started-at="2025-08-31T19:34:49 WIB" name="tearDownClass" finished-at="2025-08-31T19:34:49 WIB" duration-ms="29" status="PASS">
          <reporter-output>
          </reporter-output>
        </test-method> <!-- tearDownClass -->
      </class> <!-- runners.AndroidUITestRunner -->
    </test> <!-- Android UI Tests -->
  </suite> <!-- Android UI Test Suite -->
</testng-results>
